2026-01-22T17:56:06.947Z [INFO] app.main - Starting application lifespan, initializing database...
2026-01-22T17:56:06.954Z [INFO] app.main - MongoDB available
2026-01-22T17:56:06.955Z [INFO] app.main - Initializing database...
2026-01-22T17:56:06.959Z [INFO] app.main - Found existing root node with ID: 69725825665658a0f0132487
2026-01-22T17:56:06.965Z [INFO] app.main - Loading configuration files from: cracow into DB folder: cracow
2026-01-22T17:56:06.969Z [INFO] app.main - Upserted configuration: krakow_3x3.json (27709 characters)
2026-01-22T17:56:06.975Z [INFO] app.main - Upserted configuration: krakow_4x4.json (48748 characters)
2026-01-22T17:56:06.976Z [INFO] app.main - Successfully loaded 2 out of 2 configuration files from cracow
2026-01-22T17:56:06.978Z [INFO] app.main - Loading configuration files from: forest into DB folder: forest
2026-01-22T17:56:06.983Z [INFO] app.main - Upserted configuration: forest_10x10.json (114648 characters)
2026-01-22T17:56:07.004Z [INFO] app.main - Upserted configuration: forest_25x25.json (698428 characters)
2026-01-22T17:56:07.008Z [INFO] app.main - Upserted configuration: forest_5x5.json (41022 characters)
2026-01-22T17:56:07.009Z [INFO] app.main - Successfully loaded 3 out of 3 configuration files from forest
2026-01-22T17:56:07.009Z [INFO] app.main - Database initialization completed successfully
2026-01-22T18:02:21.875Z [INFO] app.main - Application shutting down...
2026-01-22T18:03:03.661Z [INFO] app.main - Starting application lifespan, initializing database...
2026-01-22T18:03:03.688Z [INFO] app.main - MongoDB available
2026-01-22T18:03:03.688Z [INFO] app.main - Initializing database...
2026-01-22T18:03:03.692Z [INFO] app.main - Found existing root node with ID: 69725825665658a0f0132487
2026-01-22T18:03:03.717Z [INFO] app.main - Loading configuration files from: cracow into DB folder: cracow
2026-01-22T18:03:03.751Z [INFO] app.main - Upserted configuration: krakow_3x3.json (27709 characters)
2026-01-22T18:03:03.757Z [INFO] app.main - Upserted configuration: krakow_4x4.json (48748 characters)
2026-01-22T18:03:03.757Z [INFO] app.main - Successfully loaded 2 out of 2 configuration files from cracow
2026-01-22T18:03:03.766Z [INFO] app.main - Loading configuration files from: forest into DB folder: forest
2026-01-22T18:03:03.770Z [INFO] app.main - Upserted configuration: forest_10x10.json (114648 characters)
2026-01-22T18:03:03.816Z [INFO] app.main - Upserted configuration: forest_25x25.json (698428 characters)
2026-01-22T18:03:03.839Z [INFO] app.main - Upserted configuration: forest_5x5.json (41022 characters)
2026-01-22T18:03:03.840Z [INFO] app.main - Successfully loaded 3 out of 3 configuration files from forest
2026-01-22T18:03:03.840Z [INFO] app.main - Database initialization completed successfully
2026-01-22T18:22:42.185Z [INFO] app.main - Application shutting down...
2026-01-22T18:23:25.901Z [INFO] app.main - Starting application lifespan, initializing database...
2026-01-22T18:23:25.933Z [INFO] app.main - MongoDB available
2026-01-22T18:23:25.934Z [INFO] app.main - Initializing database...
2026-01-22T18:23:25.944Z [INFO] app.main - Found existing root node with ID: 69725825665658a0f0132487
2026-01-22T18:23:25.957Z [INFO] app.main - Loading configuration files from: cracow into DB folder: cracow
2026-01-22T18:23:25.963Z [INFO] app.main - Upserted configuration: krakow_3x3.json (27709 characters)
2026-01-22T18:23:25.979Z [INFO] app.main - Upserted configuration: krakow_4x4.json (48748 characters)
2026-01-22T18:23:25.980Z [INFO] app.main - Successfully loaded 2 out of 2 configuration files from cracow
2026-01-22T18:23:25.987Z [INFO] app.main - Loading configuration files from: forest into DB folder: forest
2026-01-22T18:23:25.995Z [INFO] app.main - Upserted configuration: forest_10x10.json (114648 characters)
2026-01-22T18:23:26.026Z [INFO] app.main - Upserted configuration: forest_25x25.json (698428 characters)
2026-01-22T18:23:26.030Z [INFO] app.main - Upserted configuration: forest_5x5.json (41022 characters)
2026-01-22T18:23:26.031Z [INFO] app.main - Successfully loaded 3 out of 3 configuration files from forest
2026-01-22T18:23:26.032Z [INFO] app.main - Database initialization completed successfully
2026-01-22T23:28:04.299Z [INFO] app.main - Application shutting down...
2026-01-23T08:47:41.230Z [INFO] app.main - Starting application lifespan, initializing database...
2026-01-23T08:47:41.251Z [INFO] app.main - MongoDB available
2026-01-23T08:47:41.252Z [INFO] app.main - Initializing database...
2026-01-23T08:47:41.262Z [INFO] app.main - Found existing root node with ID: 69725825665658a0f0132487
2026-01-23T08:47:41.270Z [INFO] app.main - Loading configuration files from: cracow into DB folder: cracow
2026-01-23T08:47:41.275Z [INFO] app.main - Upserted configuration: krakow_3x3.json (27709 characters)
2026-01-23T08:47:41.286Z [INFO] app.main - Upserted configuration: krakow_4x4.json (48748 characters)
2026-01-23T08:47:41.287Z [INFO] app.main - Successfully loaded 2 out of 2 configuration files from cracow
2026-01-23T08:47:41.292Z [INFO] app.main - Loading configuration files from: forest into DB folder: forest
2026-01-23T08:47:41.301Z [INFO] app.main - Upserted configuration: forest_10x10.json (114648 characters)
2026-01-23T08:47:41.326Z [INFO] app.main - Upserted configuration: forest_25x25.json (698428 characters)
2026-01-23T08:47:41.330Z [INFO] app.main - Upserted configuration: forest_5x5.json (41022 characters)
2026-01-23T08:47:41.331Z [INFO] app.main - Successfully loaded 3 out of 3 configuration files from forest
2026-01-23T08:47:41.331Z [INFO] app.main - Database initialization completed successfully
2026-01-26T07:23:20.174Z [INFO] app.main - Application shutting down...
2026-01-27T09:48:06.749Z [INFO] app.main - Starting application lifespan, initializing database...
2026-01-27T09:48:07.270Z [INFO] app.main - MongoDB available
2026-01-27T09:48:07.272Z [INFO] app.main - Initializing database...
2026-01-27T09:48:07.282Z [INFO] app.main - Found existing root node with ID: 69725825665658a0f0132487
2026-01-27T09:48:07.290Z [INFO] app.main - Loading configuration files from: cracow into DB folder: cracow
2026-01-27T09:48:07.295Z [INFO] app.main - Upserted configuration: krakow_3x3.json (27709 characters)
2026-01-27T09:48:07.303Z [INFO] app.main - Upserted configuration: krakow_4x4.json (48748 characters)
2026-01-27T09:48:07.304Z [INFO] app.main - Successfully loaded 2 out of 2 configuration files from cracow
2026-01-27T09:48:07.307Z [INFO] app.main - Loading configuration files from: forest into DB folder: forest
2026-01-27T09:48:07.313Z [INFO] app.main - Upserted configuration: forest_10x10.json (114648 characters)
2026-01-27T09:48:07.337Z [INFO] app.main - Upserted configuration: forest_25x25.json (698428 characters)
2026-01-27T09:48:07.340Z [INFO] app.main - Upserted configuration: forest_5x5.json (41022 characters)
2026-01-27T09:48:07.340Z [INFO] app.main - Successfully loaded 3 out of 3 configuration files from forest
2026-01-27T09:48:07.341Z [INFO] app.main - Database initialization completed successfully
2026-01-27T11:16:33.213Z [INFO] app.main - Application shutting down...
2026-01-27T11:27:54.537Z [INFO] app.main - Starting application lifespan, initializing database...
2026-01-27T11:27:54.598Z [INFO] app.main - MongoDB available
2026-01-27T11:27:54.599Z [INFO] app.main - Initializing database...
2026-01-27T11:27:54.796Z [INFO] app.main - Root node created with ID: 6978a13a99cde882fbea296b
2026-01-27T11:27:54.799Z [INFO] app.main - Created settings folder under root
2026-01-27T11:27:54.801Z [INFO] app.main - Created sim_settings file in settings folder
2026-01-27T11:27:54.828Z [INFO] app.main - Loading configuration files from: cracow into DB folder: cracow
2026-01-27T11:27:54.862Z [INFO] app.main - Upserted configuration: krakow_3x3.json (27709 characters)
2026-01-27T11:27:54.898Z [INFO] app.main - Upserted configuration: krakow_4x4.json (48748 characters)
2026-01-27T11:27:54.898Z [INFO] app.main - Successfully loaded 2 out of 2 configuration files from cracow
2026-01-27T11:27:54.930Z [INFO] app.main - Loading configuration files from: forest into DB folder: forest
2026-01-27T11:27:54.935Z [INFO] app.main - Upserted configuration: forest_10x10.json (114648 characters)
2026-01-27T11:27:55.013Z [INFO] app.main - Upserted configuration: forest_25x25.json (698428 characters)
2026-01-27T11:27:55.041Z [INFO] app.main - Upserted configuration: forest_5x5.json (41022 characters)
2026-01-27T11:27:55.041Z [INFO] app.main - Successfully loaded 3 out of 3 configuration files from forest
2026-01-27T11:27:55.041Z [INFO] app.main - Database initialization completed successfully
2026-05-12T18:07:50.231Z [INFO] app.main - Starting application lifespan, initializing database...
2026-05-12T18:07:50.266Z [INFO] app.main - MongoDB available
2026-05-12T18:07:50.298Z [INFO] app.main - Initializing database...
2026-05-12T18:07:50.492Z [INFO] app.main - Root node created with ID: 6a036c76edf84125e894ca12
2026-05-12T18:07:50.503Z [INFO] app.main - Created settings folder under root
2026-05-12T18:07:50.513Z [INFO] app.main - Created sim_settings file in settings folder
2026-05-12T18:07:50.523Z [INFO] app.main - Loading configuration files from: cracow into DB folder: cracow
2026-05-12T18:07:50.542Z [INFO] app.main - Upserted configuration: krakow_3x3.json (27709 characters)
2026-05-12T18:07:50.553Z [INFO] app.main - Upserted configuration: krakow_4x4.json (48748 characters)
2026-05-12T18:07:50.559Z [INFO] app.main - Successfully loaded 2 out of 2 configuration files from cracow
2026-05-12T18:07:50.571Z [INFO] app.main - Loading configuration files from: forest into DB folder: forest
2026-05-12T18:07:50.582Z [INFO] app.main - Upserted configuration: forest_10x10.json (114648 characters)
2026-05-12T18:07:50.614Z [INFO] app.main - Upserted configuration: forest_25x25.json (698428 characters)
2026-05-12T18:07:50.624Z [INFO] app.main - Upserted configuration: forest_5x5.json (41022 characters)
2026-05-12T18:07:50.634Z [INFO] app.main - Successfully loaded 3 out of 3 configuration files from forest
2026-05-12T18:07:50.639Z [INFO] app.main - Database initialization completed successfully
2026-05-12T18:29:00.646Z [INFO] app.main - Application shutting down...
2026-06-18T17:28:51.473Z [INFO] app.main - Starting application lifespan, initializing database...
2026-06-18T17:28:51.491Z [INFO] app.main - MongoDB available
2026-06-18T17:28:51.494Z [INFO] app.main - Initializing database...
2026-06-18T17:28:51.504Z [INFO] app.main - Found existing root node with ID: 6a036c76edf84125e894ca12
2026-06-18T17:28:51.515Z [INFO] app.main - Loading configuration files from: cracow into DB folder: cracow
2026-06-18T17:28:51.522Z [INFO] app.main - Upserted configuration: krakow_3x3.json (27709 characters)
2026-06-18T17:28:51.535Z [INFO] app.main - Upserted configuration: krakow_4x4.json (48748 characters)
2026-06-18T17:28:51.538Z [INFO] app.main - Successfully loaded 2 out of 2 configuration files from cracow
2026-06-18T17:28:51.545Z [INFO] app.main - Loading configuration files from: forest into DB folder: forest
2026-06-18T17:28:51.554Z [INFO] app.main - Upserted configuration: forest_10x10.json (114648 characters)
2026-06-18T17:28:51.582Z [INFO] app.main - Upserted configuration: forest_25x25.json (698428 characters)
2026-06-18T17:28:51.592Z [INFO] app.main - Upserted configuration: forest_5x5.json (41022 characters)
2026-06-18T17:28:51.596Z [INFO] app.main - Successfully loaded 3 out of 3 configuration files from forest
2026-06-18T17:28:51.599Z [INFO] app.main - Database initialization completed successfully
2026-06-18T17:44:11.185Z [INFO] app.main - Application shutting down...
2026-06-18T17:44:14.612Z [INFO] app.main - Starting application lifespan, initializing database...
2026-06-18T17:44:14.627Z [INFO] app.main - MongoDB available
2026-06-18T17:44:14.630Z [INFO] app.main - Initializing database...
2026-06-18T17:44:14.636Z [INFO] app.main - Found existing root node with ID: 6a036c76edf84125e894ca12
2026-06-18T17:44:14.648Z [INFO] app.main - Loading configuration files from: cracow into DB folder: cracow
2026-06-18T17:44:14.655Z [INFO] app.main - Upserted configuration: krakow_3x3.json (27709 characters)
2026-06-18T17:44:14.665Z [INFO] app.main - Upserted configuration: krakow_4x4.json (48748 characters)
2026-06-18T17:44:14.668Z [INFO] app.main - Successfully loaded 2 out of 2 configuration files from cracow
2026-06-18T17:44:14.674Z [INFO] app.main - Loading configuration files from: forest into DB folder: forest
2026-06-18T17:44:14.682Z [INFO] app.main - Upserted configuration: forest_10x10.json (114648 characters)
2026-06-18T17:44:14.701Z [INFO] app.main - Upserted configuration: forest_25x25.json (698428 characters)
2026-06-18T17:44:14.707Z [INFO] app.main - Upserted configuration: forest_5x5.json (41022 characters)
2026-06-18T17:44:14.710Z [INFO] app.main - Successfully loaded 3 out of 3 configuration files from forest
2026-06-18T17:44:14.714Z [INFO] app.main - Database initialization completed successfully
2026-06-18T17:50:12.357Z [INFO] app.main - Application shutting down...
2026-06-18T18:18:10.417Z [INFO] app.main - Starting application lifespan, initializing database...
2026-06-18T18:18:10.439Z [INFO] app.main - MongoDB available
2026-06-18T18:18:10.443Z [INFO] app.main - Initializing database...
2026-06-18T18:18:10.531Z [INFO] app.main - Root node created with ID: 6a343662a6464e17505124b1
2026-06-18T18:18:10.542Z [INFO] app.main - Created settings folder under root
2026-06-18T18:18:10.556Z [INFO] app.main - Created sim_settings file in settings folder
2026-06-18T18:18:10.569Z [INFO] app.main - Loading configuration files from: cracow into DB folder: cracow
2026-06-18T18:18:10.592Z [INFO] app.main - Upserted configuration: krakow_3x3.json (27709 characters)
2026-06-18T18:18:10.609Z [INFO] app.main - Upserted configuration: krakow_4x4.json (48748 characters)
2026-06-18T18:18:10.614Z [INFO] app.main - Successfully loaded 2 out of 2 configuration files from cracow
2026-06-18T18:18:10.629Z [INFO] app.main - Loading configuration files from: forest into DB folder: forest
2026-06-18T18:18:10.651Z [INFO] app.main - Upserted configuration: forest_10x10.json (114648 characters)
2026-06-18T18:18:10.689Z [INFO] app.main - Upserted configuration: forest_25x25.json (698428 characters)
2026-06-18T18:18:10.698Z [INFO] app.main - Upserted configuration: forest_5x5.json (41022 characters)
2026-06-18T18:18:10.702Z [INFO] app.main - Successfully loaded 3 out of 3 configuration files from forest
2026-06-18T18:18:10.706Z [INFO] app.main - Database initialization completed successfully
2026-06-18T19:25:08.392Z [INFO] app.main - Application shutting down...
2026-06-18T19:25:42.652Z [INFO] app.main - Starting application lifespan, initializing database...
2026-06-18T19:25:42.697Z [INFO] app.main - MongoDB available
2026-06-18T19:25:42.706Z [INFO] app.main - Initializing database...
2026-06-18T19:25:42.823Z [INFO] app.main - Root node created with ID: 6a3446363f2dbc165ea7bc59
2026-06-18T19:25:42.845Z [INFO] app.main - Created settings folder under root
2026-06-18T19:25:42.870Z [INFO] app.main - Created sim_settings file in settings folder
2026-06-18T19:25:42.889Z [INFO] app.main - Loading configuration files from: cracow into DB folder: cracow
2026-06-18T19:25:42.909Z [INFO] app.main - Upserted configuration: krakow_3x3.json (27709 characters)
2026-06-18T19:25:42.924Z [INFO] app.main - Upserted configuration: krakow_4x4.json (48748 characters)
2026-06-18T19:25:42.929Z [INFO] app.main - Successfully loaded 2 out of 2 configuration files from cracow
2026-06-18T19:25:42.940Z [INFO] app.main - Loading configuration files from: forest into DB folder: forest
2026-06-18T19:25:42.964Z [INFO] app.main - Upserted configuration: forest_10x10.json (114648 characters)
2026-06-18T19:25:43.014Z [INFO] app.main - Upserted configuration: forest_25x25.json (698428 characters)
2026-06-18T19:25:43.024Z [INFO] app.main - Upserted configuration: forest_5x5.json (41022 characters)
2026-06-18T19:25:43.035Z [INFO] app.main - Successfully loaded 3 out of 3 configuration files from forest
2026-06-18T19:25:43.039Z [INFO] app.main - Database initialization completed successfully
